[INFO] ------- Config ------ 	(2020-01-14 11:28:37,743)
[INFO] Random Seed: 0 	(2020-01-14 11:28:37,743)
[INFO] Batch Size: 4 	(2020-01-14 11:28:37,743)
[INFO] Loss: CrossEntropyLoss 	(2020-01-14 11:28:37,743)
[INFO] Optimizer: Adam 	(2020-01-14 11:28:37,743)
[INFO] Learning Rate: 0.001 	(2020-01-14 11:28:37,743)
[INFO] ------- Train Start ------ 	(2020-01-14 11:28:37,743)
[INFO] ------- Config ------ 	(2020-01-16 00:07:12,631)
[INFO] Random Seed: 0 	(2020-01-16 00:07:12,631)
[INFO] Batch Size: 4 	(2020-01-16 00:07:12,631)
[INFO] Loss: CrossEntropyLoss 	(2020-01-16 00:07:12,631)
[INFO] Optimizer: Adam 	(2020-01-16 00:07:12,631)
[INFO] Learning Rate: 0.001 	(2020-01-16 00:07:12,632)
[INFO] ------- Train Start ------ 	(2020-01-16 00:07:12,632)
[INFO] ------- Config ------ 	(2020-01-17 14:29:29,945)
[INFO] Random Seed: 0 	(2020-01-17 14:29:29,946)
[INFO] Batch Size: 4 	(2020-01-17 14:29:29,946)
[INFO] Loss: BCEWithLogitsLoss 	(2020-01-17 14:29:29,946)
[INFO] Optimizer: Adam 	(2020-01-17 14:29:29,946)
[INFO] Learning Rate: 0.001 	(2020-01-17 14:29:29,946)
[INFO] ------- Train Start ------ 	(2020-01-17 14:29:29,946)
[INFO] Epoch 1/20 train Loss: 0.765729671948916 Acc: 0.5 	(2020-01-17 15:29:43,224)
[INFO] Epoch 1/20 val Loss: 1.8337012926737468 Acc: 0.5 	(2020-01-17 15:34:07,001)
[INFO] Epoch 2/20 train Loss: 0.7448922418928766 Acc: 0.40584415584415584 	(2020-01-17 16:22:25,229)
[INFO] Epoch 2/20 val Loss: 0.73505523469713 Acc: 0.5277777777777778 	(2020-01-17 16:27:06,286)
[INFO] Epoch 3/20 train Loss: 0.7072520441823191 Acc: 0.41233766233766234 	(2020-01-17 17:20:40,672)
[INFO] Epoch 3/20 val Loss: 0.6974047422409058 Acc: 0.5 	(2020-01-17 17:25:50,212)
[INFO] Epoch 4/20 train Loss: 0.7142381753240313 Acc: 0.4642857142857143 	(2020-01-17 18:20:58,740)
[INFO] Epoch 4/20 val Loss: 1.019771589173211 Acc: 0.4722222222222222 	(2020-01-17 18:25:08,453)
