------- Config ------ 	(2020-01-19 16:29:03,315)
Random Seed: 0 	(2020-01-19 16:29:03,315)
Batch Size: 32 	(2020-01-19 16:29:03,315)
Loss: BCEWithLogitsLoss 	(2020-01-19 16:29:03,315)
Optimizer: Adam 	(2020-01-19 16:29:03,315)
Learning Rate: 0.001 	(2020-01-19 16:29:03,315)
------- Train Start ------ 	(2020-01-19 16:29:03,315)
------- Config ------ 	(2020-01-19 16:31:57,721)
Random Seed: 0 	(2020-01-19 16:31:57,721)
Batch Size: 16 	(2020-01-19 16:31:57,721)
Loss: BCEWithLogitsLoss 	(2020-01-19 16:31:57,721)
Optimizer: Adam 	(2020-01-19 16:31:57,721)
Learning Rate: 0.001 	(2020-01-19 16:31:57,721)
------- Train Start ------ 	(2020-01-19 16:31:57,721)
------- Config ------ 	(2020-01-19 16:43:42,419)
Random Seed: 0 	(2020-01-19 16:43:42,419)
Batch Size: 8 	(2020-01-19 16:43:42,420)
Loss: BCEWithLogitsLoss 	(2020-01-19 16:43:42,420)
Optimizer: Adam 	(2020-01-19 16:43:42,420)
Learning Rate: 0.001 	(2020-01-19 16:43:42,420)
------- Train Start ------ 	(2020-01-19 16:43:42,420)
------- Config ------ 	(2020-01-19 17:17:58,052)
Random Seed: 0 	(2020-01-19 17:17:58,052)
Batch Size: 8 	(2020-01-19 17:17:58,052)
Loss: BCEWithLogitsLoss 	(2020-01-19 17:17:58,052)
Optimizer: Adam 	(2020-01-19 17:17:58,052)
Learning Rate: 0.001 	(2020-01-19 17:17:58,052)
------- Train Start ------ 	(2020-01-19 17:17:58,052)
Epoch 1/20 train Loss: 0.7106211561046235 Acc: 0.5007134703196348 	(2020-01-19 21:30:01,795)
Epoch 1/20 val Loss: 0.7634080556722788 Acc: 0.5 	(2020-01-19 21:57:37,988)
Epoch 2/20 train Loss: 0.7017860873921277 Acc: 0.4962186073059361 	(2020-01-20 02:07:29,909)
Epoch 2/20 val Loss: 0.6983298986386031 Acc: 0.49551282051282053 	(2020-01-20 02:34:48,657)
Epoch 3/20 train Loss: 0.6953042293792446 Acc: 0.4992865296803653 	(2020-01-20 06:44:07,081)
Epoch 3/20 val Loss: 0.6907428240164732 Acc: 0.4980769230769231 	(2020-01-20 07:11:19,818)
