[INFO] ------- Config ------ 	(2020-01-14 11:16:10,564)
[INFO] Random Seed: 0 	(2020-01-14 11:16:10,564)
[INFO] Batch Size: 64 	(2020-01-14 11:16:10,564)
[INFO] Loss: CrossEntropyLoss 	(2020-01-14 11:16:10,564)
[INFO] Optimizer: Adam 	(2020-01-14 11:16:10,564)
[INFO] Learning Rate: 0.001 	(2020-01-14 11:16:10,564)
[INFO] Update Params: ['fc.weight', 'fc.bias'] 	(2020-01-14 11:16:10,564)
[INFO] ------- Train Start ------ 	(2020-01-14 11:16:10,564)
[INFO] Epoch 1/20 train Loss: 0.8496978546117807 Acc: 0.010942182817182816 	(2020-01-14 11:25:48,824)
[INFO] Epoch 1/20 val Loss: 0.6620592474937439 Acc: 0.0308641975308642 	(2020-01-14 11:26:49,872)
[INFO] Epoch 2/20 train Loss: 0.7066691223677103 Acc: 0.01065340909090909 	(2020-01-14 11:39:47,500)
[INFO] Epoch 2/20 val Loss: 0.626526415348053 Acc: 0.03395061728395062 	(2020-01-14 11:41:18,566)
[INFO] Epoch 3/20 train Loss: 0.644754333929582 Acc: 0.011746066433566434 	(2020-01-14 11:54:36,971)
[INFO] Epoch 3/20 val Loss: 0.7427891492843628 Acc: 0.027777777777777776 	(2020-01-14 11:56:14,201)
[INFO] Epoch 4/20 train Loss: 0.6633445202530205 Acc: 0.009904158341658342 	(2020-01-14 12:09:42,631)
[INFO] Epoch 4/20 val Loss: 0.6051169037818909 Acc: 0.037037037037037035 	(2020-01-14 12:11:08,624)
[INFO] Epoch 5/20 train Loss: 0.6031087722097125 Acc: 0.012721653346653346 	(2020-01-14 12:24:14,619)
[INFO] Epoch 5/20 val Loss: 0.5722202658653259 Acc: 0.03395061728395062 	(2020-01-14 12:25:53,088)
[INFO] Epoch 6/20 train Loss: 0.6375917335609337 Acc: 0.0123001998001998 	(2020-01-14 12:39:10,415)
[INFO] Epoch 6/20 val Loss: 0.5747284889221191 Acc: 0.040123456790123455 	(2020-01-14 12:40:37,226)
[INFO] Epoch 7/20 train Loss: 0.5629297982562672 Acc: 0.014625999000999002 	(2020-01-14 12:53:32,280)
[INFO] Epoch 7/20 val Loss: 0.607324481010437 Acc: 0.043209876543209874 	(2020-01-14 12:54:56,847)
[INFO] Epoch 8/20 train Loss: 0.5559683349225428 Acc: 0.013728459040959042 	(2020-01-14 13:08:54,812)
[INFO] Epoch 8/20 val Loss: 0.5764420032501221 Acc: 0.040123456790123455 	(2020-01-14 13:10:28,711)
[INFO] Epoch 9/20 train Loss: 0.5355848089441076 Acc: 0.014040646853146854 	(2020-01-14 13:24:17,515)
[INFO] Epoch 9/20 val Loss: 0.5618887543678284 Acc: 0.037037037037037035 	(2020-01-14 13:25:47,779)
[INFO] Epoch 10/20 train Loss: 0.5256203413009644 Acc: 0.014438686313686316 	(2020-01-14 13:39:11,235)
[INFO] Epoch 10/20 val Loss: 0.5796613693237305 Acc: 0.040123456790123455 	(2020-01-14 13:40:41,377)
[INFO] Epoch 11/20 train Loss: 0.5028636269755178 Acc: 0.01444649100899101 	(2020-01-14 13:55:32,714)
[INFO] Epoch 11/20 val Loss: 0.5743907690048218 Acc: 0.040123456790123455 	(2020-01-14 13:57:04,916)
[INFO] Epoch 12/20 train Loss: 0.4919020990272621 Acc: 0.016249375624375624 	(2020-01-14 14:11:35,295)
[INFO] Epoch 12/20 val Loss: 0.5669184327125549 Acc: 0.037037037037037035 	(2020-01-14 14:13:06,221)
[INFO] ------- Config ------ 	(2020-01-17 10:12:09,891)
[INFO] Random Seed: 0 	(2020-01-17 10:12:09,897)
[INFO] Batch Size: 64 	(2020-01-17 10:12:09,897)
[INFO] Loss: BCEWithLogitsLoss 	(2020-01-17 10:12:09,897)
[INFO] Optimizer: Adam 	(2020-01-17 10:12:09,897)
[INFO] Learning Rate: 0.001 	(2020-01-17 10:12:09,897)
[INFO] Update Params: ['fc.weight', 'fc.bias'] 	(2020-01-17 10:12:09,897)
[INFO] ------- Train Start ------ 	(2020-01-17 10:12:09,898)
[INFO] ------- Config ------ 	(2020-01-17 10:18:28,978)
[INFO] Random Seed: 0 	(2020-01-17 10:18:28,978)
[INFO] Batch Size: 64 	(2020-01-17 10:18:28,979)
[INFO] Loss: BCEWithLogitsLoss 	(2020-01-17 10:18:28,979)
[INFO] Optimizer: Adam 	(2020-01-17 10:18:28,979)
[INFO] Learning Rate: 0.001 	(2020-01-17 10:18:28,979)
[INFO] Update Params: ['fc.weight', 'fc.bias'] 	(2020-01-17 10:18:28,979)
[INFO] ------- Train Start ------ 	(2020-01-17 10:18:28,979)
[INFO] ------- Config ------ 	(2020-01-17 10:24:00,998)
[INFO] Random Seed: 0 	(2020-01-17 10:24:00,998)
[INFO] Batch Size: 64 	(2020-01-17 10:24:00,998)
[INFO] Loss: BCEWithLogitsLoss 	(2020-01-17 10:24:00,998)
[INFO] Optimizer: Adam 	(2020-01-17 10:24:00,998)
[INFO] Learning Rate: 0.001 	(2020-01-17 10:24:00,998)
[INFO] Update Params: ['fc.weight', 'fc.bias'] 	(2020-01-17 10:24:00,998)
[INFO] ------- Train Start ------ 	(2020-01-17 10:24:00,998)
[INFO] ------- Config ------ 	(2020-01-17 10:31:27,040)
[INFO] Random Seed: 0 	(2020-01-17 10:31:27,042)
[INFO] Batch Size: 64 	(2020-01-17 10:31:27,042)
[INFO] Loss: BCEWithLogitsLoss 	(2020-01-17 10:31:27,042)
[INFO] Optimizer: Adam 	(2020-01-17 10:31:27,043)
[INFO] Learning Rate: 0.001 	(2020-01-17 10:31:27,043)
[INFO] Update Params: ['fc.weight', 'fc.bias'] 	(2020-01-17 10:31:27,043)
[INFO] ------- Train Start ------ 	(2020-01-17 10:31:27,043)
[INFO] ------- Config ------ 	(2020-01-17 10:35:59,196)
[INFO] Random Seed: 0 	(2020-01-17 10:35:59,196)
[INFO] Batch Size: 64 	(2020-01-17 10:35:59,196)
[INFO] Loss: BCEWithLogitsLoss 	(2020-01-17 10:35:59,196)
[INFO] Optimizer: Adam 	(2020-01-17 10:35:59,196)
[INFO] Learning Rate: 0.001 	(2020-01-17 10:35:59,196)
[INFO] Update Params: ['fc.weight', 'fc.bias'] 	(2020-01-17 10:35:59,196)
[INFO] ------- Train Start ------ 	(2020-01-17 10:35:59,196)
[INFO] ------- Config ------ 	(2020-01-17 10:52:28,174)
[INFO] Random Seed: 0 	(2020-01-17 10:52:28,174)
[INFO] Batch Size: 64 	(2020-01-17 10:52:28,175)
[INFO] Loss: BCEWithLogitsLoss 	(2020-01-17 10:52:28,175)
[INFO] Optimizer: Adam 	(2020-01-17 10:52:28,175)
[INFO] Learning Rate: 0.001 	(2020-01-17 10:52:28,175)
[INFO] Update Params: ['fc.weight', 'fc.bias'] 	(2020-01-17 10:52:28,175)
[INFO] ------- Train Start ------ 	(2020-01-17 10:52:28,175)
[INFO] ------- Config ------ 	(2020-01-17 10:58:09,915)
[INFO] Random Seed: 0 	(2020-01-17 10:58:09,915)
[INFO] Batch Size: 64 	(2020-01-17 10:58:09,915)
[INFO] Loss: BCEWithLogitsLoss 	(2020-01-17 10:58:09,915)
[INFO] Optimizer: Adam 	(2020-01-17 10:58:09,915)
[INFO] Learning Rate: 0.001 	(2020-01-17 10:58:09,915)
[INFO] Update Params: ['fc.weight', 'fc.bias'] 	(2020-01-17 10:58:09,915)
[INFO] ------- Train Start ------ 	(2020-01-17 10:58:09,916)
[INFO] ------- Config ------ 	(2020-01-17 11:02:35,217)
[INFO] Random Seed: 0 	(2020-01-17 11:02:35,217)
[INFO] Batch Size: 64 	(2020-01-17 11:02:35,217)
[INFO] Loss: BCEWithLogitsLoss 	(2020-01-17 11:02:35,217)
[INFO] Optimizer: Adam 	(2020-01-17 11:02:35,217)
[INFO] Learning Rate: 0.001 	(2020-01-17 11:02:35,217)
[INFO] Update Params: ['fc.weight', 'fc.bias'] 	(2020-01-17 11:02:35,217)
[INFO] ------- Train Start ------ 	(2020-01-17 11:02:35,217)
[INFO] ------- Config ------ 	(2020-01-17 11:09:37,955)
[INFO] Random Seed: 0 	(2020-01-17 11:09:37,955)
[INFO] Batch Size: 64 	(2020-01-17 11:09:37,955)
[INFO] Loss: BCEWithLogitsLoss 	(2020-01-17 11:09:37,955)
[INFO] Optimizer: Adam 	(2020-01-17 11:09:37,955)
[INFO] Learning Rate: 0.001 	(2020-01-17 11:09:37,955)
[INFO] Update Params: ['fc.weight', 'fc.bias'] 	(2020-01-17 11:09:37,955)
[INFO] ------- Train Start ------ 	(2020-01-17 11:09:37,956)
[INFO] Epoch 1/20 train Loss: 0.7194010746943487 Acc: 0.5162337662337663 	(2020-01-17 11:19:40,011)
[INFO] Epoch 1/20 val Loss: 0.693177858988444 Acc: 0.5 	(2020-01-17 11:20:44,770)
[INFO] Epoch 2/20 train Loss: 0.6699553402987394 Acc: 0.5247408841158842 	(2020-01-17 11:31:14,389)
[INFO] Epoch 2/20 val Loss: 0.660684691535102 Acc: 0.5 	(2020-01-17 11:32:19,840)
